0-prep 0h0m1s554ms
1-yosys 0h0m13s814ms
2-opensta 0h0m1s756ms
3-verilog2def_openroad 0h0m1s796ms
4-ioPlacer 0h0m1s410ms
5-tapcell 0h0m1s622ms
6-klayout_scrot 0h0m4s528ms
7-pdn 0h0m2s625ms
8-resizer 0h0m7s399ms
9-write_verilog 0h0m1s431ms
10-opensta_post_resizer 0h0m1s713ms
11-opendp 0h0m1s447ms
12-klayout_scrot 0h0m4s826ms
13-cts 0h1m32s596ms
14-write_verilog 0h0m1s455ms
15-klayout_scrot 0h0m4s903ms
15-resizer_timing 0h0m6s535ms
16-write_verilog 0h0m1s442ms
17-opensta_post_resizer_timing 0h0m1s870ms
18-fastroute 0h0m9s832ms
19-addspacers 0h0m1s485ms
20-write_verilog 0h0m1s479ms
21-tritonRoute 0h13m8s176ms
22-klayout_scrot 0h0m6s448ms
23-spef_extraction 0h0m10s533ms
24-opensta_spef 0h0m2s827ms
26-write_verilog 0h0m2s152ms
28-klayout_scrot 0h0m5s488ms
31-magic_gen 0h0m21s690ms
32-klayout 0h0m5s573ms
33-klayout_scrot 0h0m6s293ms
35-klayout_scrot 0h0m5s866ms
36-klayout_xor 0h1m24s18ms
37-magic_ext_spice 0h0m31s359ms
38-lvs 0h0m2s612ms
39-magic_drc 0h1m27s589ms
41-or_antenna 0h0m3s310ms
42-cvc 0h0m1s33ms