Startpoint: _15459_ (rising edge-triggered flip-flop clocked by clk)
Endpoint: _14292_ (rising edge-triggered flip-flop clocked by clk)
Path Group: clk
Path Type: min

Fanout     Cap    Slew   Delay    Time   Description
-----------------------------------------------------------------------------
                  0.00    0.00    0.00   clock clk (rise edge)
                          0.00    0.00   clock network delay (ideal)
                  0.00    0.00    0.00 ^ _15459_/CLK (sky130_fd_sc_hd__dfxtp_1)
                  0.03    0.18    0.18 ^ _15459_/Q (sky130_fd_sc_hd__dfxtp_1)
     2    0.00                           c1.instruction3[0] (net)
                  0.03    0.00    0.18 ^ _14292_/D (sky130_fd_sc_hd__dfxtp_1)
                                  0.18   data arrival time

                  0.00    0.00    0.00   clock clk (rise edge)
                          0.00    0.00   clock network delay (ideal)
                          0.00    0.00   clock reconvergence pessimism
                                  0.00 ^ _14292_/CLK (sky130_fd_sc_hd__dfxtp_1)
                         -0.02   -0.02   library hold time
                                 -0.02   data required time
-----------------------------------------------------------------------------
                                 -0.02   data required time
                                 -0.18   data arrival time
-----------------------------------------------------------------------------
                                  0.20   slack (MET)


Startpoint: _14498_ (rising edge-triggered flip-flop clocked by clk')
Endpoint: _15592_ (rising edge-triggered flip-flop clocked by clk)
Path Group: clk
Path Type: max

Fanout     Cap    Slew   Delay    Time   Description
-----------------------------------------------------------------------------
                  0.00   15.00   15.00   clock clk' (rise edge)
                          0.00   15.00   clock network delay (ideal)
                  0.00    0.00   15.00 ^ _14498_/CLK (sky130_fd_sc_hd__dfxtp_1)
                  0.07    0.56   15.56 v _14498_/Q (sky130_fd_sc_hd__dfxtp_1)
     3    0.00                           r1.regblock[21][31] (net)
                  0.07    0.00   15.56 v _13978_/A1 (sky130_fd_sc_hd__mux4_1)
                  0.13    1.08   16.64 v _13978_/X (sky130_fd_sc_hd__mux4_1)
     1    0.00                           _00819_ (net)
                  0.13    0.00   16.64 v _13981_/A1 (sky130_fd_sc_hd__mux4_1)
                  0.14    1.12   17.76 v _13981_/X (sky130_fd_sc_hd__mux4_1)
     1    0.00                           _00822_ (net)
                  0.14    0.00   17.76 v _13524_/A1 (sky130_fd_sc_hd__mux2_1)
                  0.10    0.65   18.42 v _13524_/X (sky130_fd_sc_hd__mux2_1)
     1    0.00                           _00823_ (net)
                  0.10    0.00   18.42 v _13525_/A0 (sky130_fd_sc_hd__mux2_1)
                  0.10    0.62   19.03 v _13525_/X (sky130_fd_sc_hd__mux2_1)
     1    0.00                           _00824_ (net)
                  0.10    0.00   19.03 v _13526_/A0 (sky130_fd_sc_hd__mux2_1)
                  0.10    0.62   19.65 v _13526_/X (sky130_fd_sc_hd__mux2_1)
     1    0.00                           _00825_ (net)
                  0.10    0.00   19.65 v _13527_/A0 (sky130_fd_sc_hd__mux2_1)
                  0.10    0.61   20.26 v _13527_/X (sky130_fd_sc_hd__mux2_1)
     1    0.00                           _01297_ (net)
                  0.10    0.00   20.26 v _07397_/B (sky130_fd_sc_hd__and2_1)
                  0.06    0.31   20.57 v _07397_/X (sky130_fd_sc_hd__and2_1)
     1    0.00                           _03586_ (net)
                  0.06    0.00   20.57 v _15592_/D (sky130_fd_sc_hd__dfxtp_2)
                                 20.57   data arrival time

                  0.00   30.00   30.00   clock clk (rise edge)
                          0.00   30.00   clock network delay (ideal)
                          0.00   30.00   clock reconvergence pessimism
                                 30.00 ^ _15592_/CLK (sky130_fd_sc_hd__dfxtp_2)
                         -0.29   29.71   library setup time
                                 29.71   data required time
-----------------------------------------------------------------------------
                                 29.71   data required time
                                -20.57   data arrival time
-----------------------------------------------------------------------------
                                  9.14   slack (MET)


