Startpoint: _15465_ (rising edge-triggered flip-flop clocked by clk)
Endpoint: _14298_ (rising edge-triggered flip-flop clocked by clk)
Path Group: clk
Path Type: min

Fanout     Cap    Slew   Delay    Time   Description
-----------------------------------------------------------------------------
                  0.00    0.00    0.00   clock clk (rise edge)
                          0.00    0.00   clock network delay (ideal)
                  0.00    0.00    0.00 ^ _15465_/CLK (sky130_fd_sc_hd__dfxtp_2)
                  0.02    0.18    0.18 ^ _15465_/Q (sky130_fd_sc_hd__dfxtp_2)
     2    0.00                           c1.instruction3[6] (net)
                  0.02    0.00    0.18 ^ _14298_/D (sky130_fd_sc_hd__dfxtp_2)
                                  0.18   data arrival time

                  0.00    0.00    0.00   clock clk (rise edge)
                          0.00    0.00   clock network delay (ideal)
                          0.00    0.00   clock reconvergence pessimism
                                  0.00 ^ _14298_/CLK (sky130_fd_sc_hd__dfxtp_2)
                         -0.02   -0.02   library hold time
                                 -0.02   data required time
-----------------------------------------------------------------------------
                                 -0.02   data required time
                                 -0.18   data arrival time
-----------------------------------------------------------------------------
                                  0.20   slack (MET)


Startpoint: _14399_ (rising edge-triggered flip-flop clocked by clk)
Endpoint: _15506_ (rising edge-triggered flip-flop clocked by clk')
Path Group: clk
Path Type: max

Fanout     Cap    Slew   Delay    Time   Description
-----------------------------------------------------------------------------
                  0.00    0.00    0.00   clock clk (rise edge)
                          0.00    0.00   clock network delay (ideal)
                  0.00    0.00    0.00 ^ _14399_/CLK (sky130_fd_sc_hd__dfxtp_2)
                 11.00    8.38    8.38 ^ _14399_/Q (sky130_fd_sc_hd__dfxtp_2)
   259    1.42                           c1.instruction1[15] (net)
                 11.00    0.00    8.38 ^ _07542_/A (sky130_fd_sc_hd__inv_2)
                  0.97    0.91    9.29 v _07542_/Y (sky130_fd_sc_hd__inv_2)
     2    0.00                           _03924_ (net)
                  0.97    0.00    9.29 v _07543_/B2 (sky130_fd_sc_hd__o22a_2)
                  0.08    0.70    9.99 v _07543_/X (sky130_fd_sc_hd__o22a_2)
     1    0.00                           _03925_ (net)
                  0.08    0.00    9.99 v _07544_/C1 (sky130_fd_sc_hd__o221a_2)
                  0.08    0.21   10.20 v _07544_/X (sky130_fd_sc_hd__o221a_2)
     1    0.00                           _03926_ (net)
                  0.08    0.00   10.20 v _07545_/C (sky130_fd_sc_hd__and3_2)
                  0.11    0.49   10.69 v _07545_/X (sky130_fd_sc_hd__and3_2)
     3    0.01                           _03927_ (net)
                  0.11    0.00   10.69 v _07557_/A1 (sky130_fd_sc_hd__o21ba_2)
                  0.06    0.40   11.09 v _07557_/X (sky130_fd_sc_hd__o21ba_2)
     1    0.00                           _03939_ (net)
                  0.06    0.00   11.09 v _07566_/A1 (sky130_fd_sc_hd__o211a_2)
                  0.10    0.51   11.59 v _07566_/X (sky130_fd_sc_hd__o211a_2)
     3    0.01                           _03500_ (net)
                  0.10    0.00   11.59 v _15506_/D (sky130_fd_sc_hd__dfxtp_2)
                                 11.59   data arrival time

                  0.00   15.00   15.00   clock clk' (rise edge)
                          0.00   15.00   clock network delay (ideal)
                          0.00   15.00   clock reconvergence pessimism
                                 15.00 ^ _15506_/CLK (sky130_fd_sc_hd__dfxtp_2)
                         -0.30   14.70   library setup time
                                 14.70   data required time
-----------------------------------------------------------------------------
                                 14.70   data required time
                                -11.59   data arrival time
-----------------------------------------------------------------------------
                                  3.10   slack (MET)


