Startpoint: _15609_ (rising edge-triggered flip-flop clocked by clk)
Endpoint: _14343_ (rising edge-triggered flip-flop clocked by clk)
Path Group: clk
Path Type: min

Fanout     Cap    Slew   Delay    Time   Description
-----------------------------------------------------------------------------
                  0.00    0.00    0.00   clock clk (rise edge)
                          0.00    0.00   clock network delay (ideal)
                  0.00    0.00    0.00 ^ _15609_/CLK (sky130_fd_sc_hd__dfxtp_1)
                  0.02    0.16    0.16 ^ _15609_/Q (sky130_fd_sc_hd__dfxtp_1)
     2    0.02                           pc[4] (net)
                  0.02    0.00    0.16 ^ _14343_/D (sky130_fd_sc_hd__dfxtp_1)
                                  0.16   data arrival time

                  0.00    0.00    0.00   clock clk (rise edge)
                          0.00    0.00   clock network delay (ideal)
                          0.00    0.00   clock reconvergence pessimism
                                  0.00 ^ _14343_/CLK (sky130_fd_sc_hd__dfxtp_1)
                         -0.02   -0.02   library hold time
                                 -0.02   data required time
-----------------------------------------------------------------------------
                                 -0.02   data required time
                                 -0.16   data arrival time
-----------------------------------------------------------------------------
                                  0.18   slack (MET)


Startpoint: _15347_ (rising edge-triggered flip-flop clocked by clk')
Endpoint: _15577_ (rising edge-triggered flip-flop clocked by clk)
Path Group: clk
Path Type: max

Fanout     Cap    Slew   Delay    Time   Description
-----------------------------------------------------------------------------
                  0.00   15.00   15.00   clock clk' (rise edge)
                          0.00   15.00   clock network delay (ideal)
                  0.00    0.00   15.00 ^ _15347_/CLK (sky130_fd_sc_hd__dfxtp_1)
                  0.11    0.60   15.60 v _15347_/Q (sky130_fd_sc_hd__dfxtp_1)
     3    0.01                           r1.regblock[13][16] (net)
                  0.11    0.00   15.60 v _14125_/A1 (sky130_fd_sc_hd__mux4_1)
                  0.16    1.14   16.74 v _14125_/X (sky130_fd_sc_hd__mux4_1)
     1    0.00                           _00621_ (net)
                  0.16    0.00   16.74 v _14126_/A3 (sky130_fd_sc_hd__mux4_2)
                  0.18    1.12   17.86 v _14126_/X (sky130_fd_sc_hd__mux4_2)
     1    0.01                           _00622_ (net)
                  0.18    0.00   17.86 v _13584_/A0 (sky130_fd_sc_hd__mux2_1)
                  0.13    0.70   18.56 v _13584_/X (sky130_fd_sc_hd__mux2_1)
     1    0.00                           _00628_ (net)
                  0.13    0.00   18.56 v _13585_/A0 (sky130_fd_sc_hd__mux2_1)
                  0.11    0.64   19.21 v _13585_/X (sky130_fd_sc_hd__mux2_1)
     1    0.00                           _00629_ (net)
                  0.11    0.00   19.21 v _13586_/A0 (sky130_fd_sc_hd__mux2_1)
                  0.18    0.74   19.95 v _13586_/X (sky130_fd_sc_hd__mux2_1)
     1    0.01                           _00630_ (net)
                  0.18    0.00   19.95 v _13587_/A0 (sky130_fd_sc_hd__mux2_1)
                  0.11    0.66   20.61 v _13587_/X (sky130_fd_sc_hd__mux2_1)
     1    0.00                           _01280_ (net)
                  0.11    0.00   20.61 v _07418_/B (sky130_fd_sc_hd__and2_1)
                  0.06    0.32   20.94 v _07418_/X (sky130_fd_sc_hd__and2_1)
     1    0.00                           _03571_ (net)
                  0.06    0.00   20.94 v _15577_/D (sky130_fd_sc_hd__dfxtp_1)
                                 20.94   data arrival time

                  0.00   30.00   30.00   clock clk (rise edge)
                          0.00   30.00   clock network delay (ideal)
                          0.00   30.00   clock reconvergence pessimism
                                 30.00 ^ _15577_/CLK (sky130_fd_sc_hd__dfxtp_1)
                         -0.29   29.71   library setup time
                                 29.71   data required time
-----------------------------------------------------------------------------
                                 29.71   data required time
                                -20.94   data arrival time
-----------------------------------------------------------------------------
                                  8.78   slack (MET)


