
Magic 8.3 revision 124 - Compiled on Fri Feb  5 04:09:30 UTC 2021.
Starting magic under Tcl interpreter
Using the terminal as the console.
Using NULL graphics device.
Processing system .magicrc file
Sourcing design .magicrc for technology sky130A ...
2 Magic internal units = 1 Lambda
Input style sky130(): scaleFactor=2, multiplier=2
Scaled tech values by 2 / 1 to match internal grid scaling
Loading sky130A Device Generator Menu ...
Loading "/openLANE_flow/scripts/magic/mag_gds.tcl" from command line.
Reading LEF data from file /home/karthik/openlane/pdks/sky130A/libs.ref/sky130_fd_sc_hd/techlef/sky130_fd_sc_hd.tlef.
This action cannot be undone.
LEF read, Line 77 (Message): Unknown keyword "ANTENNAMODEL" in LEF file; ignoring.
LEF read, Line 78 (Message): Unknown keyword "ANTENNADIFFSIDEAREARATIO" in LEF file; ignoring.
LEF read, Line 110 (Message): Unknown keyword "MINENCLOSEDAREA" in LEF file; ignoring.
LEF read, Line 112 (Message): Unknown keyword "ANTENNAMODEL" in LEF file; ignoring.
LEF read, Line 113 (Message): Unknown keyword "ANTENNADIFFSIDEAREARATIO" in LEF file; ignoring.
LEF read, Line 119 (Message): Unknown keyword "MAXIMUMDENSITY" in LEF file; ignoring.
LEF read, Line 120 (Message): Unknown keyword "DENSITYCHECKWINDOW" in LEF file; ignoring.
LEF read, Line 121 (Message): Unknown keyword "DENSITYCHECKSTEP" in LEF file; ignoring.
LEF read, Line 153 (Message): Unknown keyword "MINENCLOSEDAREA" in LEF file; ignoring.
LEF read, Line 161 (Message): Unknown keyword "ANTENNAMODEL" in LEF file; ignoring.
LEF read, Line 162 (Message): Unknown keyword "ANTENNADIFFSIDEAREARATIO" in LEF file; ignoring.
LEF read, Line 164 (Message): Unknown keyword "MAXIMUMDENSITY" in LEF file; ignoring.
LEF read, Line 165 (Message): Unknown keyword "DENSITYCHECKWINDOW" in LEF file; ignoring.
LEF read, Line 166 (Message): Unknown keyword "DENSITYCHECKSTEP" in LEF file; ignoring.
LEF read, Line 202 (Message): Unknown keyword "ANTENNAMODEL" in LEF file; ignoring.
LEF read, Line 203 (Message): Unknown keyword "ANTENNADIFFSIDEAREARATIO" in LEF file; ignoring.
LEF read, Line 205 (Message): Unknown keyword "MAXIMUMDENSITY" in LEF file; ignoring.
LEF read, Line 206 (Message): Unknown keyword "DENSITYCHECKWINDOW" in LEF file; ignoring.
LEF read, Line 207 (Message): Unknown keyword "DENSITYCHECKSTEP" in LEF file; ignoring.
LEF read, Line 243 (Message): Unknown keyword "ANTENNAMODEL" in LEF file; ignoring.
LEF read, Line 244 (Message): Unknown keyword "ANTENNADIFFSIDEAREARATIO" in LEF file; ignoring.
LEF read, Line 246 (Message): Unknown keyword "MAXIMUMDENSITY" in LEF file; ignoring.
LEF read, Line 247 (Message): Unknown keyword "DENSITYCHECKWINDOW" in LEF file; ignoring.
LEF read, Line 248 (Message): Unknown keyword "DENSITYCHECKSTEP" in LEF file; ignoring.
LEF read, Line 284 (Message): Unknown keyword "ANTENNAMODEL" in LEF file; ignoring.
LEF read, Line 285 (Message): Unknown keyword "ANTENNADIFFSIDEAREARATIO" in LEF file; ignoring.
LEF read: Processed 791 lines.
Reading DEF data from file /openLANE_flow/designs/core/runs/core/results/routing/core.def.
This action cannot be undone.
  Processed 6 vias total.
  Processed 26356 subcell instances total.
  Processed 180 pins total.
  Processed 2 special nets total.
  Processed 8754 nets total.
DEF read: Processed 214412 lines.
Root cell box:
           width x height  (   llx,  lly  ), (   urx,  ury  )  area (units^2)

microns:  431.58 x 442.30  (  0.00,  0.00 ), ( 431.58,  442.30)  190887.81 
lambda:   43158.00 x 44230.00  (  0.00,  0.00 ), ( 43158.00,  44230.00)  1908878336.00
internal:  86316 x 88460   (     0,  0    ), ( 86316,  88460)  7635513360
   Generating output for cell sky130_fd_sc_hd__decap_3
   Generating output for cell sky130_fd_sc_hd__decap_12
   Generating output for cell sky130_fd_sc_hd__tapvpwrvgnd_1
   Generating output for cell sky130_fd_sc_hd__decap_4
   Generating output for cell sky130_fd_sc_hd__decap_6
   Generating output for cell sky130_fd_sc_hd__decap_8
   Generating output for cell sky130_fd_sc_hd__fill_2
   Generating output for cell sky130_fd_sc_hd__inv_2
   Generating output for cell sky130_fd_sc_hd__diode_2
   Generating output for cell sky130_fd_sc_hd__dfxtp_1
   Generating output for cell sky130_fd_sc_hd__nor2_1
   Generating output for cell sky130_fd_sc_hd__dfxtp_4
   Generating output for cell sky130_fd_sc_hd__mux2_1
   Generating output for cell sky130_fd_sc_hd__fill_1
   Generating output for cell sky130_fd_sc_hd__buf_1
   Generating output for cell sky130_fd_sc_hd__dfxtp_2
   Generating output for cell sky130_fd_sc_hd__clkbuf_1
   Generating output for cell sky130_fd_sc_hd__nand2_1
   Generating output for cell sky130_fd_sc_hd__o211a_1
   Generating output for cell sky130_fd_sc_hd__o21ai_1
   Generating output for cell sky130_fd_sc_hd__o221a_1
   Generating output for cell sky130_fd_sc_hd__or2_1
   Generating output for cell sky130_fd_sc_hd__clkbuf_16
   Generating output for cell sky130_fd_sc_hd__a2bb2o_1
   Generating output for cell sky130_fd_sc_hd__a31o_1
   Generating output for cell sky130_fd_sc_hd__or2_2
   Generating output for cell sky130_fd_sc_hd__nor3_1
   Generating output for cell sky130_fd_sc_hd__o22a_1
   Generating output for cell sky130_fd_sc_hd__a211oi_2
   Generating output for cell sky130_fd_sc_hd__nor2_4
   Generating output for cell sky130_fd_sc_hd__o31a_1
   Generating output for cell sky130_fd_sc_hd__mux2_2
   Generating output for cell sky130_fd_sc_hd__a211oi_1
   Generating output for cell sky130_fd_sc_hd__o311a_1
   Generating output for cell sky130_fd_sc_hd__o22ai_1
   Generating output for cell sky130_fd_sc_hd__a211oi_4
   Generating output for cell sky130_fd_sc_hd__clkbuf_2
   Generating output for cell sky130_fd_sc_hd__buf_2
   Generating output for cell sky130_fd_sc_hd__or4_4
   Generating output for cell sky130_fd_sc_hd__or2_4
   Generating output for cell sky130_fd_sc_hd__or3_1
   Generating output for cell sky130_fd_sc_hd__and4b_1
   Generating output for cell sky130_fd_sc_hd__and3_1
   Generating output for cell sky130_fd_sc_hd__or4b_1
   Generating output for cell sky130_fd_sc_hd__a21bo_1
   Generating output for cell sky130_fd_sc_hd__or2b_1
   Generating output for cell sky130_fd_sc_hd__a22o_1
   Generating output for cell sky130_fd_sc_hd__mux4_2
   Generating output for cell sky130_fd_sc_hd__and2_1
   Generating output for cell sky130_fd_sc_hd__a21oi_2
   Generating output for cell sky130_fd_sc_hd__or3_2
   Generating output for cell sky130_fd_sc_hd__o32a_1
   Generating output for cell sky130_fd_sc_hd__o21ai_2
   Generating output for cell sky130_fd_sc_hd__o2111a_1
   Generating output for cell sky130_fd_sc_hd__o2bb2a_1
   Generating output for cell sky130_fd_sc_hd__or4b_4
   Generating output for cell sky130_fd_sc_hd__a32o_1
   Generating output for cell sky130_fd_sc_hd__clkbuf_4
   Generating output for cell sky130_fd_sc_hd__mux4_1
   Generating output for cell sky130_fd_sc_hd__and3b_1
   Generating output for cell sky130_fd_sc_hd__a21oi_1
   Generating output for cell sky130_fd_sc_hd__o31a_2
   Generating output for cell sky130_fd_sc_hd__nand3b_2
   Generating output for cell sky130_fd_sc_hd__a2bb2oi_2
   Generating output for cell sky130_fd_sc_hd__inv_16
   Generating output for cell sky130_fd_sc_hd__o21a_1
   Generating output for cell sky130_fd_sc_hd__a21oi_4
   Generating output for cell sky130_fd_sc_hd__nor2_2
   Generating output for cell sky130_fd_sc_hd__o211ai_2
   Generating output for cell sky130_fd_sc_hd__a21boi_4
   Generating output for cell sky130_fd_sc_hd__nand2_2
   Generating output for cell sky130_fd_sc_hd__o211ai_4
   Generating output for cell sky130_fd_sc_hd__o221ai_2
   Generating output for cell sky130_fd_sc_hd__nor2b_4
   Generating output for cell sky130_fd_sc_hd__and2_2
   Generating output for cell sky130_fd_sc_hd__o211ai_1
   Generating output for cell sky130_fd_sc_hd__a2bb2oi_1
   Generating output for cell sky130_fd_sc_hd__o2111ai_4
   Generating output for cell sky130_fd_sc_hd__or3b_1
   Generating output for cell sky130_fd_sc_hd__o22ai_4
   Generating output for cell sky130_fd_sc_hd__o21a_2
   Generating output for cell sky130_fd_sc_hd__o21a_4
   Generating output for cell sky130_fd_sc_hd__a21o_1
   Generating output for cell sky130_fd_sc_hd__a221o_1
   Generating output for cell sky130_fd_sc_hd__mux2_4
   Generating output for cell sky130_fd_sc_hd__nor2b_1
   Generating output for cell sky130_fd_sc_hd__or4bb_4
   Generating output for cell sky130_fd_sc_hd__o21bai_1
   Generating output for cell sky130_fd_sc_hd__buf_4
   Generating output for cell sky130_fd_sc_hd__or3_4
   Generating output for cell sky130_fd_sc_hd__nor2_8
   Generating output for cell sky130_fd_sc_hd__or3b_2
   Generating output for cell sky130_fd_sc_hd__o221a_2
   Generating output for cell sky130_fd_sc_hd__clkinv_4
   Generating output for cell sky130_fd_sc_hd__o41a_4
   Generating output for cell sky130_fd_sc_hd__nor3_4
   Generating output for cell sky130_fd_sc_hd__a31oi_2
   Generating output for cell sky130_fd_sc_hd__a311oi_4
   Generating output for cell sky130_fd_sc_hd__o221ai_4
   Generating output for cell sky130_fd_sc_hd__o22a_2
   Generating output for cell sky130_fd_sc_hd__a211o_1
   Generating output for cell sky130_fd_sc_hd__o31ai_1
   Generating output for cell sky130_fd_sc_hd__o21ai_4
   Generating output for cell sky130_fd_sc_hd__and4_1
   Generating output for cell sky130_fd_sc_hd__a31oi_4
   Generating output for cell sky130_fd_sc_hd__and3_2
   Generating output for cell sky130_fd_sc_hd__buf_6
   Generating output for cell sky130_fd_sc_hd__buf_8
   Generating output for cell sky130_fd_sc_hd__o32a_2
   Generating output for cell sky130_fd_sc_hd__or3b_4
   Generating output for cell sky130_fd_sc_hd__a311o_1
   Generating output for cell sky130_fd_sc_hd__dlxtn_1
   Generating output for cell sky130_fd_sc_hd__o21ba_1
   Generating output for cell sky130_fd_sc_hd__buf_12
   Generating output for cell core
[INFO]: GDS Write Complete
