Sun Apr 11 16:51:42 UTC 2021 - Executing "python3 /openLANE_flow/scripts/extract_metal_layers.py -t /home/karthik/openlane/pdks/sky130A/libs.ref/sky130_fd_sc_hd/techlef/sky130_fd_sc_hd.tlef -o /openLANE_flow/designs/core/runs/core/tmp/met_layers_list.txt"

Sun Apr 11 16:51:42 UTC 2021 - Executing "/openLANE_flow/scripts/mergeLef.py -i /home/karthik/openlane/pdks/sky130A/libs.ref/sky130_fd_sc_hd/techlef/sky130_fd_sc_hd.tlef {/home/karthik/openlane/pdks/sky130A/libs.ref/sky130_fd_sc_hd/lef/sky130_fd_sc_hd.lef /home/karthik/openlane/pdks/sky130A/libs.ref/sky130_fd_sc_hd/lef/sky130_ef_sc_hd__fill_12.lef /home/karthik/openlane/pdks/sky130A/libs.ref/sky130_fd_sc_hd/lef/sky130_ef_sc_hd__fakediode_2.lef} -o /openLANE_flow/designs/core/runs/core/tmp/merged_unpadded.lef |& tee >&@stdout"

Sun Apr 11 16:51:42 UTC 2021 - Executing "/openLANE_flow/scripts/libtrim.pl /home/karthik/openlane/pdks/sky130A/libs.ref/sky130_fd_sc_hd/lib/sky130_fd_sc_hd__tt_025C_1v80.lib /openLANE_flow/designs/core/runs/core/tmp/trimmed.lib.exclude.list > /openLANE_flow/designs/core/runs/core/tmp/trimmed.lib"

Sun Apr 11 16:51:42 UTC 2021 - Executing "echo {openlane v0.4} > /openLANE_flow/designs/core/runs/core/OPENLANE_VERSION"

Sun Apr 11 16:51:42 UTC 2021 - Executing "sed -E {s/^([[:space:]]+)pg_pin(.*)/\1pin\2\n\1    direction : "inout";/g} /home/karthik/openlane/pdks/sky130A/libs.ref/sky130_fd_sc_hd/lib/sky130_fd_sc_hd__tt_025C_1v80.lib > /openLANE_flow/designs/core/runs/core/tmp/sky130_fd_sc_hd__tt_025C_1v80.no_pg.lib"

Sun Apr 11 16:51:42 UTC 2021 - Executing "yosys -c /openLANE_flow/scripts/synth.tcl -l /openLANE_flow/designs/core/runs/core/logs/synthesis/1-yosys.log |& tee >&@stdout"

Sun Apr 11 16:51:56 UTC 2021 - Executing "sed -i -e {s/\(set ::env(CURRENT_NETLIST)\).*/\1 \/openLANE_flow\/designs\/core\/runs\/core\/results\/synthesis\/core.synthesis.v/} /openLANE_flow/designs/core/runs/core/config.tcl"

Sun Apr 11 16:51:56 UTC 2021 - Executing "sed -i -e {s/\(set ::env(PREV_NETLIST)\).*/\1 0/} /openLANE_flow/designs/core/runs/core/config.tcl"

Sun Apr 11 16:51:56 UTC 2021 - Executing "sed -i /defparam/d /openLANE_flow/designs/core/runs/core/results/synthesis/core.synthesis.v"

Sun Apr 11 16:51:56 UTC 2021 - Executing "sta /openLANE_flow/scripts/sta.tcl |& tee >&@stdout /openLANE_flow/designs/core/runs/core/logs/synthesis/2-opensta"

Sun Apr 11 16:51:58 UTC 2021 - Executing "openroad -exit /openLANE_flow/scripts/openroad/or_floorplan.tcl |& tee >&@stdout /openLANE_flow/designs/core/runs/core/logs/floorplan/3-verilog2def.openroad.log"

Sun Apr 11 16:52:00 UTC 2021 - Executing "openroad -exit /openLANE_flow/scripts/openroad/or_ioplacer.tcl |& tee >&@stdout /openLANE_flow/designs/core/runs/core/logs/floorplan/4-ioPlacer.log"

Sun Apr 11 16:52:01 UTC 2021 - Executing "openroad -exit /openLANE_flow/scripts/openroad/or_tapcell.tcl |& tee >&@stdout /openLANE_flow/designs/core/runs/core/logs/floorplan/5-tapcell.log"

Sun Apr 11 16:52:03 UTC 2021 - Executing "bash /openLANE_flow/scripts/klayout/scrotLayout.sh /home/karthik/openlane/pdks/sky130A/libs.tech/klayout/sky130A.lyt /openLANE_flow/designs/core/runs/core/results/floorplan/core.floorplan.def |& tee >&@stdout /openLANE_flow/designs/core/runs/core/logs/klayout/6-klayout.scrot.log"

Sun Apr 11 16:52:07 UTC 2021 - Executing "openroad -exit /openLANE_flow/scripts/openroad/or_pdn.tcl |& tee >&@stdout /openLANE_flow/designs/core/runs/core/logs/floorplan/7-pdn.log"

Sun Apr 11 16:52:10 UTC 2021 - Executing "openroad -exit /openLANE_flow/scripts/openroad/or_replace.tcl |& tee >&@stdout /openLANE_flow/designs/core/runs/core/logs/placement/8-replace.log"

Sun Apr 11 16:52:19 UTC 2021 - Executing "openroad -exit /openLANE_flow/scripts/openroad/or_resizer.tcl |& tee >&@stdout /openLANE_flow/designs/core/runs/core/logs/placement/8-resizer.log"

Sun Apr 11 16:52:27 UTC 2021 - Executing "openroad -exit /openLANE_flow/scripts/openroad/or_write_verilog.tcl |& tee >&@stdout /openLANE_flow/designs/core/runs/core/logs/9-write_verilog.log"

Sun Apr 11 16:52:28 UTC 2021 - Executing "sed -i -e {s/\(set ::env(CURRENT_NETLIST)\).*/\1 \/openLANE_flow\/designs\/core\/runs\/core\/results\/synthesis\/core.synthesis_optimized.v/} /openLANE_flow/designs/core/runs/core/config.tcl"

Sun Apr 11 16:52:28 UTC 2021 - Executing "sed -i -e {s/\(set ::env(PREV_NETLIST)\).*/\1 \/openLANE_flow\/designs\/core\/runs\/core\/results\/synthesis\/core.synthesis.v/} /openLANE_flow/designs/core/runs/core/config.tcl"

Sun Apr 11 16:52:28 UTC 2021 - Executing "sta /openLANE_flow/scripts/sta.tcl |& tee >&@stdout /openLANE_flow/designs/core/runs/core/logs/synthesis/10-opensta_post_resizer"

Sun Apr 11 16:52:30 UTC 2021 - Executing "openroad -exit /openLANE_flow/scripts/openroad/or_opendp.tcl |& tee >&@stdout /openLANE_flow/designs/core/runs/core/logs/placement/11-opendp.log"

Sun Apr 11 16:52:31 UTC 2021 - Executing "bash /openLANE_flow/scripts/klayout/scrotLayout.sh /home/karthik/openlane/pdks/sky130A/libs.tech/klayout/sky130A.lyt /openLANE_flow/designs/core/runs/core/results/placement/core.placement.def |& tee >&@stdout /openLANE_flow/designs/core/runs/core/logs/klayout/12-klayout.scrot.log"

Sun Apr 11 16:52:36 UTC 2021 - Executing "openroad -exit /openLANE_flow/scripts/openroad/or_cts.tcl |& tee >&@stdout /openLANE_flow/designs/core/runs/core/logs/cts/13-cts.log"

Sun Apr 11 16:54:09 UTC 2021 - Executing "openroad -exit /openLANE_flow/scripts/openroad/or_write_verilog.tcl |& tee >&@stdout /openLANE_flow/designs/core/runs/core/logs/14-write_verilog.log"

Sun Apr 11 16:54:10 UTC 2021 - Executing "sed -i -e {s/\(set ::env(CURRENT_NETLIST)\).*/\1 \/openLANE_flow\/designs\/core\/runs\/core\/results\/synthesis\/core.synthesis_cts.v/} /openLANE_flow/designs/core/runs/core/config.tcl"

Sun Apr 11 16:54:10 UTC 2021 - Executing "sed -i -e {s/\(set ::env(PREV_NETLIST)\).*/\1 \/openLANE_flow\/designs\/core\/runs\/core\/results\/synthesis\/core.synthesis_optimized.v/} /openLANE_flow/designs/core/runs/core/config.tcl"

Sun Apr 11 16:54:10 UTC 2021 - Executing "bash /openLANE_flow/scripts/klayout/scrotLayout.sh /home/karthik/openlane/pdks/sky130A/libs.tech/klayout/sky130A.lyt /openLANE_flow/designs/core/runs/core/results/cts/core.cts.def |& tee >&@stdout /openLANE_flow/designs/core/runs/core/logs/klayout/15-klayout.scrot.log"

Sun Apr 11 16:54:15 UTC 2021 - Executing "openroad -exit /openLANE_flow/scripts/openroad/or_resizer_timing.tcl |& tee >&@stdout /openLANE_flow/designs/core/runs/core/logs/placement/15-resizer_timing.log"

Sun Apr 11 16:54:22 UTC 2021 - Executing "openroad -exit /openLANE_flow/scripts/openroad/or_write_verilog.tcl |& tee >&@stdout /openLANE_flow/designs/core/runs/core/logs/16-write_verilog.log"

Sun Apr 11 16:54:23 UTC 2021 - Executing "sed -i -e {s/\(set ::env(CURRENT_NETLIST)\).*/\1 \/openLANE_flow\/designs\/core\/runs\/core\/results\/synthesis\/core.synthesis_optimized.v/} /openLANE_flow/designs/core/runs/core/config.tcl"

Sun Apr 11 16:54:23 UTC 2021 - Executing "sed -i -e {s/\(set ::env(PREV_NETLIST)\).*/\1 \/openLANE_flow\/designs\/core\/runs\/core\/results\/synthesis\/core.synthesis_cts.v/} /openLANE_flow/designs/core/runs/core/config.tcl"

Sun Apr 11 16:54:23 UTC 2021 - Executing "sta /openLANE_flow/scripts/sta.tcl |& tee >&@stdout /openLANE_flow/designs/core/runs/core/logs/synthesis/17-opensta_post_resizer_timing"

Sun Apr 11 16:54:25 UTC 2021 - Executing "openroad -exit /openLANE_flow/scripts/openroad/or_groute.tcl |& tee >&@stdout /openLANE_flow/designs/core/runs/core/logs/routing/18-fastroute.log"

Sun Apr 11 16:54:35 UTC 2021 - Executing "openroad -exit /openLANE_flow/scripts/openroad/or_fill.tcl |& tee >&@stdout /openLANE_flow/designs/core/runs/core/logs/routing/19-addspacers.log"

Sun Apr 11 16:54:36 UTC 2021 - Executing "openroad -exit /openLANE_flow/scripts/openroad/or_write_verilog.tcl |& tee >&@stdout /openLANE_flow/designs/core/runs/core/logs/20-write_verilog.log"

Sun Apr 11 16:54:38 UTC 2021 - Executing "sed -i -e {s/\(set ::env(CURRENT_NETLIST)\).*/\1 \/openLANE_flow\/designs\/core\/runs\/core\/results\/synthesis\/core.synthesis_preroute.v/} /openLANE_flow/designs/core/runs/core/config.tcl"

Sun Apr 11 16:54:38 UTC 2021 - Executing "sed -i -e {s/\(set ::env(PREV_NETLIST)\).*/\1 \/openLANE_flow\/designs\/core\/runs\/core\/results\/synthesis\/core.synthesis_optimized.v/} /openLANE_flow/designs/core/runs/core/config.tcl"

Sun Apr 11 16:54:38 UTC 2021 - Executing "envsubst < /openLANE_flow/scripts/tritonRoute.param > /openLANE_flow/designs/core/runs/core/tmp/routing/21-tritonRoute.param"

Sun Apr 11 16:54:38 UTC 2021 - Executing "TritonRoute /openLANE_flow/designs/core/runs/core/tmp/routing/21-tritonRoute.param |& tee >&@stdout /openLANE_flow/designs/core/runs/core/logs/routing/21-tritonRoute.log"

Sun Apr 11 17:07:46 UTC 2021 - Executing "python3 /openLANE_flow/scripts/tr2klayout.py -i /openLANE_flow/designs/core/runs/core/reports/routing/21-tritonRoute.drc -o /openLANE_flow/designs/core/runs/core/reports/routing/21-tritonRoute.klayout.xml --design-name core"

Sun Apr 11 17:07:46 UTC 2021 - Executing "bash /openLANE_flow/scripts/klayout/scrotLayout.sh /home/karthik/openlane/pdks/sky130A/libs.tech/klayout/sky130A.lyt /openLANE_flow/designs/core/runs/core/results/routing/core.def |& tee >&@stdout /openLANE_flow/designs/core/runs/core/logs/klayout/22-klayout.scrot.log"

Sun Apr 11 17:07:53 UTC 2021 - Executing "python3 /openLANE_flow/scripts/spef_extractor/main.py -l /openLANE_flow/designs/core/runs/core/tmp/merged_unpadded.lef -d /openLANE_flow/designs/core/runs/core/results/routing/core.def -mw L -ec 1 |& tee >&@stdout /openLANE_flow/designs/core/runs/core/logs/routing/23-spef_extraction.log"

Sun Apr 11 17:08:03 UTC 2021 - Executing "sta /openLANE_flow/scripts/sta.tcl |& tee >&@stdout /openLANE_flow/designs/core/runs/core/logs/synthesis/24-opensta_spef"

Sun Apr 11 17:08:06 UTC 2021 - Executing "python3 /openLANE_flow/scripts/write_powered_def.py -d /openLANE_flow/designs/core/runs/core/results/routing/core.def -l /openLANE_flow/designs/core/runs/core/tmp/merged.lef --power-port VPWR --ground-port VGND --powered-netlist {} -o /openLANE_flow/designs/core/runs/core/tmp/routing/25-core.powered.def |& tee >&@stdout /openLANE_flow/designs/core/runs/core/logs/lvs/25-write_powered_verilog.log"

Sun Apr 11 17:08:09 UTC 2021 - Executing "openroad -exit /openLANE_flow/scripts/openroad/or_write_verilog.tcl |& tee >&@stdout /openLANE_flow/designs/core/runs/core/logs/26-write_verilog.log"

Sun Apr 11 17:08:11 UTC 2021 - Executing "sed -i -e {s/\(set ::env(CURRENT_NETLIST)\).*/\1 \/openLANE_flow\/designs\/core\/runs\/core\/results\/lvs\/core.lvs.powered.v/} /openLANE_flow/designs/core/runs/core/config.tcl"

Sun Apr 11 17:08:11 UTC 2021 - Executing "sed -i -e {s/\(set ::env(PREV_NETLIST)\).*/\1 \/openLANE_flow\/designs\/core\/runs\/core\/results\/synthesis\/core.synthesis_preroute.v/} /openLANE_flow/designs/core/runs/core/config.tcl"

Sun Apr 11 17:08:11 UTC 2021 - Executing "magic -noconsole -dnull -rcfile /home/karthik/openlane/pdks/sky130A/libs.tech/magic/sky130A.magicrc /openLANE_flow/scripts/magic/mag_gds.tcl </dev/null |& tee >&@stdout /openLANE_flow/designs/core/runs/core/logs/magic/27-magic.log"

Sun Apr 11 17:08:19 UTC 2021 - Executing "bash /openLANE_flow/scripts/klayout/scrotLayout.sh /home/karthik/openlane/pdks/sky130A/libs.tech/klayout/sky130A.lyt /openLANE_flow/designs/core/runs/core/results/magic/core.gds |& tee >&@stdout /openLANE_flow/designs/core/runs/core/logs/klayout/28-klayout.scrot.log"

Sun Apr 11 17:08:24 UTC 2021 - Executing "magic -noconsole -dnull -rcfile /home/karthik/openlane/pdks/sky130A/libs.tech/magic/sky130A.magicrc /openLANE_flow/scripts/magic/gds_pointers.tcl </dev/null |& tee >&@stdout /openLANE_flow/designs/core/runs/core/logs/magic/29-magic.mag.gds_ptrs.log"

Sun Apr 11 17:08:30 UTC 2021 - Executing "sed -i -n {/^<< properties >>/,/^<< end >>/p} /openLANE_flow/designs/core/runs/core/tmp/magic/magic_gds_ptrs.mag"

Sun Apr 11 17:08:31 UTC 2021 - Executing "magic -noconsole -dnull -rcfile /home/karthik/openlane/pdks/sky130A/libs.tech/magic/sky130A.magicrc /openLANE_flow/scripts/magic/lef.tcl </dev/null |& tee >&@stdout /openLANE_flow/designs/core/runs/core/logs/magic/30-magic.lef.log"

Sun Apr 11 17:08:40 UTC 2021 - Executing "magic -noconsole -dnull -rcfile /home/karthik/openlane/pdks/sky130A/libs.tech/magic/sky130A.magicrc /openLANE_flow/scripts/magic/maglef.tcl </dev/null |& tee >&@stdout /openLANE_flow/designs/core/runs/core/logs/magic/31-magic.maglef.log"

Sun Apr 11 17:08:40 UTC 2021 - Executing "bash /openLANE_flow/scripts/klayout/def2gds.sh /home/karthik/openlane/pdks/sky130A/libs.tech/klayout/sky130A.lyt /openLANE_flow/designs/core/runs/core/results/routing/core.def core /openLANE_flow/designs/core/runs/core/results/klayout/core.gds {/home/karthik/openlane/pdks/sky130A/libs.ref/sky130_fd_sc_hd/gds/sky130_ef_sc_hd__fakediode_2.gds /home/karthik/openlane/pdks/sky130A/libs.ref/sky130_fd_sc_hd/gds/sky130_fd_sc_hd.gds /home/karthik/openlane/pdks/sky130A/libs.ref/sky130_fd_sc_hd/gds/sky130_ef_sc_hd__fill_12.gds } |& tee >&@stdout /openLANE_flow/designs/core/runs/core/logs/klayout/32-klayout.log"

Sun Apr 11 17:08:46 UTC 2021 - Executing "bash /openLANE_flow/scripts/klayout/scrotLayout.sh /home/karthik/openlane/pdks/sky130A/libs.tech/klayout/sky130A.lyt /openLANE_flow/designs/core/runs/core/results/klayout/core.gds |& tee >&@stdout /openLANE_flow/designs/core/runs/core/logs/klayout/33-klayout.scrot.log"

Sun Apr 11 17:08:52 UTC 2021 - Executing "bash /openLANE_flow/scripts/klayout/xor.sh /openLANE_flow/designs/core/runs/core/results/magic/core.gds /openLANE_flow/designs/core/runs/core/results/klayout/core.gds core /openLANE_flow/designs/core/runs/core/results/klayout/core.xor.gds |& tee >&@stdout /openLANE_flow/designs/core/runs/core/logs/klayout/34-klayout.xor.log"

Sun Apr 11 17:09:41 UTC 2021 - Executing "python3 /openLANE_flow/scripts/parse_klayout_xor_log.py -l /openLANE_flow/designs/core/runs/core/logs/klayout/34-klayout.xor.log -o /openLANE_flow/designs/core/runs/core/reports/klayout/34-klayout.xor.rpt"

Sun Apr 11 17:09:41 UTC 2021 - Executing "bash /openLANE_flow/scripts/klayout/scrotLayout.sh /home/karthik/openlane/pdks/sky130A/libs.tech/klayout/sky130A.lyt /openLANE_flow/designs/core/runs/core/results/klayout/core.xor.gds |& tee >&@stdout /openLANE_flow/designs/core/runs/core/logs/klayout/35-klayout.scrot.log"

Sun Apr 11 17:09:47 UTC 2021 - Executing "bash /openLANE_flow/scripts/klayout/xor.sh /openLANE_flow/designs/core/runs/core/results/magic/core.gds /openLANE_flow/designs/core/runs/core/results/klayout/core.gds core /openLANE_flow/designs/core/runs/core/results/klayout/core.xor.xml |& tee >&@stdout /openLANE_flow/designs/core/runs/core/logs/klayout/36-klayout.xor.log"

Sun Apr 11 17:11:05 UTC 2021 - Executing "python3 /openLANE_flow/scripts/parse_klayout_xor_log.py -l /openLANE_flow/designs/core/runs/core/logs/klayout/36-klayout.xor.log -o /openLANE_flow/designs/core/runs/core/reports/klayout/36-klayout.xor.rpt"

Sun Apr 11 17:11:05 UTC 2021 - Executing "magic -noconsole -dnull -rcfile /home/karthik/openlane/pdks/sky130A/libs.tech/magic/sky130A.magicrc /openLANE_flow/designs/core/runs/core/tmp/magic_spice.tcl </dev/null |& tee >&@stdout /openLANE_flow/designs/core/runs/core/logs/magic/37-magic_spice.log"

Sun Apr 11 17:11:36 UTC 2021 - Executing "netgen -batch source /openLANE_flow/designs/core/runs/core/tmp/lvs/setup_file.lef.lvs |& tee >&@stdout /openLANE_flow/designs/core/runs/core/logs/lvs/38-lvs.lef.log"

Sun Apr 11 17:11:39 UTC 2021 - Executing "magic -noconsole -dnull -rcfile /home/karthik/openlane/pdks/sky130A/libs.tech/magic/sky130A.magicrc /openLANE_flow/scripts/magic/drc.tcl </dev/null |& tee >&@stdout /openLANE_flow/designs/core/runs/core/logs/magic/39-magic.drc.log"

Sun Apr 11 17:13:06 UTC 2021 - Executing "python3 /openLANE_flow/scripts/magic_drc_to_tcl.py -i /openLANE_flow/designs/core/runs/core/reports/magic/39-magic.drc -o /openLANE_flow/designs/core/runs/core/reports/magic/39-magic.drc.tcl"

Sun Apr 11 17:13:06 UTC 2021 - Executing "python3 /openLANE_flow/scripts/magic_drc_to_tr_drc.py -i /openLANE_flow/designs/core/runs/core/reports/magic/39-magic.drc -o /openLANE_flow/designs/core/runs/core/reports/magic/39-magic.tr.drc"

Sun Apr 11 17:13:06 UTC 2021 - Executing "python3 /openLANE_flow/scripts/tr2klayout.py -i /openLANE_flow/designs/core/runs/core/reports/magic/39-magic.tr.drc -o /openLANE_flow/designs/core/runs/core/reports/magic/39-magic.drc.klayout.xml --design-name core"

Sun Apr 11 17:13:06 UTC 2021 - Executing "python3 /openLANE_flow/scripts/magic_drc_to_rdb.py --magic_drc_in /openLANE_flow/designs/core/runs/core/reports/magic/39-magic.drc --rdb_out /openLANE_flow/designs/core/runs/core/reports/magic/39-magic.drc.rdb"

Sun Apr 11 17:13:06 UTC 2021 - Executing "openroad -exit /openLANE_flow/scripts/openroad/or_antenna_check.tcl |& tee >&@stdout /openLANE_flow/designs/core/runs/core/logs/routing/40-or_antenna.log"

Sun Apr 11 17:13:10 UTC 2021 - Executing "mv -f /openLANE_flow/designs/core/runs/core/reports/routing/antenna.rpt /openLANE_flow/designs/core/runs/core/reports/routing/41-antenna.rpt"

Sun Apr 11 17:13:10 UTC 2021 - Executing "awk { BEGIN {  # Print power and standard_input definitions
    print "VPWR power 1.8";
    print "VGND power 0.0";
    print "#define std_input min@VGND max@VPWR";
}
$1 == "input" {  # Print input nets
    gsub(/;/, "");
    if ( $2 == "VPWR" || $2 == "VGND" ) {  # ignore power nets
        next;
    }
    if ( NF == 3 ) {  # print buses as net[range]
        $2 = $3 $2;
    }
    print $2, "input std_input";
}} /openLANE_flow/designs/core/runs/core/results/lvs/core.lvs.powered.v > /openLANE_flow/designs/core/runs/core/results/cvc/core.power"

Sun Apr 11 17:13:10 UTC 2021 - Executing "awk { /Black-box entry subcircuit/ {  # remove black-box defintions
    while ( $1 != ".ends" ) {
        getline;
    }
    getline;
}
/^\*/ {  # remove comments
    next;
}
/^.ENDS .*/ {  # remove name from ends lines
    print $1;
    next;
}
 {
    print $0;
}} /home/karthik/openlane/pdks/sky130A/libs.ref/sky130_fd_sc_hd/cdl/sky130_fd_sc_hd.cdl /openLANE_flow/designs/core/runs/core/results/magic/core.lef.spice > /openLANE_flow/designs/core/runs/core/results/cvc/core.cdl"

Sun Apr 11 17:13:10 UTC 2021 - Executing "cvc /openLANE_flow/scripts/cvc/sky130A/cvcrc.sky130A |& tee >&@stdout /openLANE_flow/designs/core/runs/core/logs/cvc/42-cvc_screen.log"

Sun Apr 11 17:13:11 UTC 2021 - Executing "python3 /openLANE_flow/report_generation_wrapper.py -d /openLANE_flow/designs/core -dn core -t core -o /openLANE_flow/designs/core/runs/core/reports/final_summary_report.csv -m /openLANE_flow/designs/core/runs/core/reports/manufacturability_report.rpt -rs /openLANE_flow/designs/core/runs/core/reports/runtime_summary_report.rpt -r /openLANE_flow/designs/core/runs/core"

