CVC: Log output to /openLANE_flow/designs/core/runs/core/results/cvc/cvc_core.log
CVC: Error output to /openLANE_flow/designs/core/runs/core/results/cvc/cvc_core.error.gz
CVC: Debug output to /openLANE_flow/designs/core/runs/core/results/cvc/cvc_core.debug.gz
CVC: Circuit Validation Check  Version 1.0.0
CVC: Start: Sun Apr 11 17:13:10 2021

Using the following parameters for CVC (Circuit Validation Check) from /openLANE_flow/scripts/cvc/sky130A/cvcrc.sky130A
CVC_TOP = 'core'
CVC_NETLIST = '/openLANE_flow/designs/core/runs/core/results/cvc/core.cdl'
CVC_MODE = 'core'
CVC_MODEL_FILE = '/openLANE_flow/scripts/cvc/sky130A/cvc.sky130A.models'
CVC_POWER_FILE = '/openLANE_flow/designs/core/runs/core/results/cvc/core.power'
CVC_FUSE_FILE = ''
CVC_REPORT_FILE = '/openLANE_flow/designs/core/runs/core/results/cvc/cvc_core.log'
CVC_REPORT_TITLE = 'CVC $CVC_TOP'
CVC_CIRCUIT_ERROR_LIMIT = '100'
CVC_SEARCH_LIMIT = '100'
CVC_LEAK_LIMIT = '0.0002'
CVC_SOI = 'false'
CVC_SCRC = 'false'
CVC_VTH_GATES = 'false'
CVC_MIN_VTH_GATES = 'false'
CVC_IGNORE_VTH_FLOATING = 'false'
CVC_IGNORE_NO_LEAK_FLOATING = 'false'
CVC_LEAK_OVERVOLTAGE = 'true'
CVC_LOGIC_DIODES = 'false'
CVC_ANALOG_GATES = 'true'
CVC_BACKUP_RESULTS = 'false'
CVC_MOS_DIODE_ERROR_THRESHOLD = '0'
CVC_SHORT_ERROR_THRESHOLD = '0'
CVC_BIAS_ERROR_THRESHOLD = '0'
CVC_FORWARD_ERROR_THRESHOLD = '0'
CVC_FLOATING_ERROR_THRESHOLD = '0'
CVC_GATE_ERROR_THRESHOLD = '0'
CVC_LEAK?_ERROR_THRESHOLD = '0'
CVC_EXPECTED_ERROR_THRESHOLD = '0'
CVC_OVERVOLTAGE_ERROR_THRESHOLD = '0'
CVC_PARALLEL_CIRCUIT_PORT_LIMIT = '0'
CVC_CELL_ERROR_LIMIT_FILE = ''
CVC_CELL_CHECKSUM_FILE = ''
CVC_LARGE_CIRCUIT_SIZE = '10000000'
CVC_NET_CHECK_FILE = ''
End of parameters

CVC: Reading device model settings...
CVC: Reading power settings...
CVC: Parsing netlist /openLANE_flow/designs/core/runs/core/results/cvc/core.cdl
Cdl fixed data size 436114
Usage CDL: Time: 0  Memory: 21480  I/O: 4840  Swap: 0
CVC: Counting and linking...
CVC: Assigning IDs ...
Usage DB: Time: 0  Memory: 24376  I/O: 4840  Swap: 0
CVC: 26357(26357) instances, 46660(46660) nets, 114586(114586) devices.
CVC: Setting models ...
Setting model tolerances...
CVC: Shorting switches...
	Shorted 0 short
Setting instance power...

ModelList> filename /openLANE_flow/scripts/cvc/sky130A/cvc.sky130A.models
 Model> nfet_01v8      57293 M->nmos       Parameters> Vth=0.2 Vds=1.8 Vgs=1.8 R=L/W*7000 Diodes> 4-1 4-3
 Model> pfet_01v8_hvt     57293 M->pmos       Parameters> Vth=-0.2 Vds=1.8 Vgs=1.8 R=L/W*7000 Diodes> 1-4 3-4
 Model> short              0 R->switch_on  Parameters>
ModelList> end

Power List> filename /openLANE_flow/designs/core/runs/core/results/cvc/core.power
 VPWR power 1.8 -> 1.8 power
 VGND power 0.0 -> 0.0 power
 clk~>std_input input std_input -> min@0.0 max@1.8 input family(std_input;)
 rst~>std_input input std_input -> min@0.0 max@1.8 input family(std_input;)
instruction[31:0]~>std_input input std_input
 ->instruction[0] input std_input -> min@0.0 max@1.8 input family(std_input;)
 ->instruction[10] input std_input -> min@0.0 max@1.8 input family(std_input;)
 ->instruction[11] input std_input -> min@0.0 max@1.8 input family(std_input;)
 ->instruction[12] input std_input -> min@0.0 max@1.8 input family(std_input;)
 ->instruction[13] input std_input -> min@0.0 max@1.8 input family(std_input;)
 ->instruction[14] input std_input -> min@0.0 max@1.8 input family(std_input;)
 ->instruction[15] input std_input -> min@0.0 max@1.8 input family(std_input;)
 ->instruction[16] input std_input -> min@0.0 max@1.8 input family(std_input;)
 ->instruction[17] input std_input -> min@0.0 max@1.8 input family(std_input;)
 ->instruction[18] input std_input -> min@0.0 max@1.8 input family(std_input;)
 ->instruction[19] input std_input -> min@0.0 max@1.8 input family(std_input;)
 ->instruction[1] input std_input -> min@0.0 max@1.8 input family(std_input;)
 ->instruction[20] input std_input -> min@0.0 max@1.8 input family(std_input;)
 ->instruction[21] input std_input -> min@0.0 max@1.8 input family(std_input;)
 ->instruction[22] input std_input -> min@0.0 max@1.8 input family(std_input;)
 ->instruction[23] input std_input -> min@0.0 max@1.8 input family(std_input;)
 ->instruction[24] input std_input -> min@0.0 max@1.8 input family(std_input;)
 ->instruction[25] input std_input -> min@0.0 max@1.8 input family(std_input;)
 ->instruction[26] input std_input -> min@0.0 max@1.8 input family(std_input;)
 ->instruction[27] input std_input -> min@0.0 max@1.8 input family(std_input;)
 ->instruction[28] input std_input -> min@0.0 max@1.8 input family(std_input;)
 ->instruction[29] input std_input -> min@0.0 max@1.8 input family(std_input;)
 ->instruction[2] input std_input -> min@0.0 max@1.8 input family(std_input;)
 ->instruction[30] input std_input -> min@0.0 max@1.8 input family(std_input;)
 ->instruction[31] input std_input -> min@0.0 max@1.8 input family(std_input;)
 ->instruction[3] input std_input -> min@0.0 max@1.8 input family(std_input;)
 ->instruction[4] input std_input -> min@0.0 max@1.8 input family(std_input;)
 ->instruction[5] input std_input -> min@0.0 max@1.8 input family(std_input;)
 ->instruction[6] input std_input -> min@0.0 max@1.8 input family(std_input;)
 ->instruction[7] input std_input -> min@0.0 max@1.8 input family(std_input;)
 ->instruction[8] input std_input -> min@0.0 max@1.8 input family(std_input;)
 ->instruction[9] input std_input -> min@0.0 max@1.8 input family(std_input;)
rdata[31:0]~>std_input input std_input
 ->rdata[0] input std_input -> min@0.0 max@1.8 input family(std_input;)
 ->rdata[10] input std_input -> min@0.0 max@1.8 input family(std_input;)
 ->rdata[11] input std_input -> min@0.0 max@1.8 input family(std_input;)
 ->rdata[12] input std_input -> min@0.0 max@1.8 input family(std_input;)
 ->rdata[13] input std_input -> min@0.0 max@1.8 input family(std_input;)
 ->rdata[14] input std_input -> min@0.0 max@1.8 input family(std_input;)
 ->rdata[15] input std_input -> min@0.0 max@1.8 input family(std_input;)
 ->rdata[16] input std_input -> min@0.0 max@1.8 input family(std_input;)
 ->rdata[17] input std_input -> min@0.0 max@1.8 input family(std_input;)
 ->rdata[18] input std_input -> min@0.0 max@1.8 input family(std_input;)
 ->rdata[19] input std_input -> min@0.0 max@1.8 input family(std_input;)
 ->rdata[1] input std_input -> min@0.0 max@1.8 input family(std_input;)
 ->rdata[20] input std_input -> min@0.0 max@1.8 input family(std_input;)
 ->rdata[21] input std_input -> min@0.0 max@1.8 input family(std_input;)
 ->rdata[22] input std_input -> min@0.0 max@1.8 input family(std_input;)
 ->rdata[23] input std_input -> min@0.0 max@1.8 input family(std_input;)
 ->rdata[24] input std_input -> min@0.0 max@1.8 input family(std_input;)
 ->rdata[25] input std_input -> min@0.0 max@1.8 input family(std_input;)
 ->rdata[26] input std_input -> min@0.0 max@1.8 input family(std_input;)
 ->rdata[27] input std_input -> min@0.0 max@1.8 input family(std_input;)
 ->rdata[28] input std_input -> min@0.0 max@1.8 input family(std_input;)
 ->rdata[29] input std_input -> min@0.0 max@1.8 input family(std_input;)
 ->rdata[2] input std_input -> min@0.0 max@1.8 input family(std_input;)
 ->rdata[30] input std_input -> min@0.0 max@1.8 input family(std_input;)
 ->rdata[31] input std_input -> min@0.0 max@1.8 input family(std_input;)
 ->rdata[3] input std_input -> min@0.0 max@1.8 input family(std_input;)
 ->rdata[4] input std_input -> min@0.0 max@1.8 input family(std_input;)
 ->rdata[5] input std_input -> min@0.0 max@1.8 input family(std_input;)
 ->rdata[6] input std_input -> min@0.0 max@1.8 input family(std_input;)
 ->rdata[7] input std_input -> min@0.0 max@1.8 input family(std_input;)
 ->rdata[8] input std_input -> min@0.0 max@1.8 input family(std_input;)
 ->rdata[9] input std_input -> min@0.0 max@1.8 input family(std_input;)
> expected values
> macros
 #define std_input min@VGND max@VPWR -> min@0.0 max@1.8
Power List> end

CVC: Linking devices...
Usage EQUIV: Time: 0  Memory: 36204  I/O: 4904  Swap: 0
Power nets 73
Hash dump:parameter->resistance map
Contains 53 buckets, 47 elements
Element count 0, 15
Element count 1, 29
Element count 2, 9
Unused hash: 0.28, average depth 1.38
Hash dump:text->circuit map
Contains 337 buckets, 438 elements
Element count 0, 77
Element count 1, 124
Element count 2, 98
Element count 3, 34
Element count 4, 4
Unused hash: 0.23, average depth 2.02
Hash dump:string->text map
Contains 26267 buckets, 36243 elements
Element count 0, 6589
Element count 1, 9195
Element count 2, 6200
Element count 3, 2954
Element count 4, 953
Element count 5, 298
Element count 6, 64
Element count 7, 12
Element count 8, 2
Unused hash: 0.25, average depth 2.38
CVC: Shorting non conducting resistors...
CVC: Calculating resistor voltages...
Usage RES: Time: 0  Memory: 36204  I/O: 4912  Swap: 0
Power nets 73
CVC: Calculating min/max voltages...
Processing trivial nets found 18102 trivial nets
CVC: Ignoring invalid calculations...
CVC:   Removed 0 calculations
Copying master nets
CVC: Ignoring non-conducting devices...
CVC:   Ignored 0 devices
Usage MIN/MAX1: Time: 0  Memory: 37520  I/O: 4912  Swap: 0
Power nets 18079
! Checking forward bias diode errors: 

! Checking nmos source/drain vs bias errors: 

! Checking nmos gate vs source errors: 

! Checking pmos source/drain vs bias errors: 

! Checking pmos gate vs source errors: 

Usage ERROR: Time: 0  Memory: 37520  I/O: 4912  Swap: 0
CVC: Propagating Simulation voltages 1...
Usage SIM1: Time: 0  Memory: 38576  I/O: 4912  Swap: 0
Power nets 18079
CVC: Propagating Simulation voltages 3...
Usage SIM2: Time: 0  Memory: 38840  I/O: 4912  Swap: 0
Power nets 18079
Added 0 latch voltages
CVC: Calculating min/max voltages...
Processing trivial nets found 18102 trivial nets
CVC: Ignoring invalid calculations...
CVC:   Removed 0 calculations
Copying master nets
CVC: Ignoring non-conducting devices...
CVC:   Ignored 0 devices
Usage MIN/MAX2: Time: 0  Memory: 40160  I/O: 4912  Swap: 0
Power nets 36085
! Checking overvoltage errors

! Checking nmos possible leak errors: 

! Checking pmos possible leak errors: 

! Checking mos floating input errors:

! Checking expected values:

CVC: Error Counts
CVC: Fuse Problems:         0
CVC: Min Voltage Conflicts: 0
CVC: Max Voltage Conflicts: 0
CVC: Leaks:                 0
CVC: LDD drain->source:     0
CVC: HI-Z Inputs:           0
CVC: Forward Bias Diodes:   0
CVC: NMOS Source vs Bulk:   0
CVC: NMOS Gate vs Source:   0
CVC: NMOS Possible Leaks:   0
CVC: PMOS Source vs Bulk:   0
CVC: PMOS Gate vs Source:   0
CVC: PMOS Possible Leaks:   0
CVC: Overvoltage-VBG:       0
CVC: Overvoltage-VBS:       0
CVC: Overvoltage-VDS:       0
CVC: Overvoltage-VGS:       0
CVC: Unexpected voltage :   0
CVC: Total:                 0
Usage Total: Time: 0  Memory: 40688  I/O: 4944  Swap: 0
Virtual net update/access 382994/11159743
CVC: Log output to /openLANE_flow/designs/core/runs/core/results/cvc/cvc_core.log
CVC: End: Sun Apr 11 17:13:11 2021

