OpenROAD 0.9.0 1415572a73
This program is licensed under the BSD-3 license. See the LICENSE file for details.
Components of this program may be licensed under more restrictive licenses which must be honored.
Notice 0: Reading LEF file:  /openLANE_flow/designs/core/runs/core/tmp/merged_unpadded.lef
Notice 0:     Created 13 technology layers
Notice 0:     Created 25 technology vias
Notice 0:     Created 439 library cells
Notice 0: Finished LEF file:  /openLANE_flow/designs/core/runs/core/tmp/merged_unpadded.lef
Notice 0: 
Reading DEF file: /openLANE_flow/designs/core/runs/core/tmp/placement/8-resizer.def
Notice 0: Design: core
Notice 0:     Created 170 pins.
Notice 0:     Created 11192 components and 68538 component-terminals.
Notice 0:     Created 2 special nets and 0 connections.
Notice 0:     Created 8688 nets and 28294 connections.
Notice 0: Finished DEF file: /openLANE_flow/designs/core/runs/core/tmp/placement/8-resizer.def
Design Stats
--------------------------------
total instances         11192
multi row instances         0
fixed instances          2570
nets                     8690
design area          176113.9 u^2
fixed area             3986.3 u^2
movable area          84701.2 u^2
utilization                49 %
utilization padded         74 %
rows                      154
row height                2.7 u

Placement Analysis
--------------------------------
total displacement        0.0 u
average displacement      0.0 u
max displacement          0.0 u
original HPWL        390302.7 u
legalized HPWL       398132.0 u
delta HPWL                  2 %

