OpenROAD 0.9.0 1415572a73
This program is licensed under the BSD-3 license. See the LICENSE file for details.
Components of this program may be licensed under more restrictive licenses which must be honored.
Warning: /openLANE_flow/designs/core/runs/core/tmp/resizer.lib line 32, default_operating_condition ss_100C_1v60 not found.
Notice 0: Reading LEF file:  /openLANE_flow/designs/core/runs/core/tmp/merged_unpadded.lef
Notice 0:     Created 13 technology layers
Notice 0:     Created 25 technology vias
Notice 0:     Created 439 library cells
Notice 0: Finished LEF file:  /openLANE_flow/designs/core/runs/core/tmp/merged_unpadded.lef
Notice 0: 
Reading DEF file: /openLANE_flow/designs/core/runs/core/results/cts/core.cts.def
Notice 0: Design: core
Notice 0:     Created 170 pins.
Notice 0:     Created 11258 components and 68934 component-terminals.
Notice 0:     Created 2 special nets and 0 connections.
Notice 0:     Created 8754 nets and 28426 connections.
Notice 0: Finished DEF file: /openLANE_flow/designs/core/runs/core/results/cts/core.cts.def
[INFO RSZ-0033] No hold violations found.
Design Stats
--------------------------------
total instances         11258
multi row instances         0
fixed instances          2570
nets                     8756
design area          176113.9 u^2
fixed area             3986.3 u^2
movable area          86203.9 u^2
utilization                50 %
utilization padded         81 %
rows                      154
row height                2.7 u

Placement Analysis
--------------------------------
total displacement    21495.7 u
average displacement      1.9 u
max displacement        196.3 u
original HPWL        404101.2 u
legalized HPWL       428005.8 u
delta HPWL                  6 %

