First Layout: /openLANE_flow/designs/core/runs/core/results/magic/core.gds
Second Layout: /openLANE_flow/designs/core/runs/core/results/klayout/core.gds
Design Name: core
Output GDS will be: /openLANE_flow/designs/core/runs/core/results/klayout/core.xor.xml
Reading /openLANE_flow/designs/core/runs/core/results/magic/core.gds ..
Reading /openLANE_flow/designs/core/runs/core/results/klayout/core.gds ..
--- Running XOR for 122/16 ---
"_input" in: xor.drc:38
Elapsed: 0.010s
"_input" in: xor.drc:38
Elapsed: 0.010s
"^" in: xor.drc:38
Elapsed: 0.290s
XOR differences: 38011
"_output" in: xor.drc:40
Elapsed: 0.080s
--- Running XOR for 235/4 ---
"_input" in: xor.drc:38
Elapsed: 0.000s
"_input" in: xor.drc:38
Elapsed: 0.010s
"^" in: xor.drc:38
Elapsed: 0.010s
XOR differences: 1
"_output" in: xor.drc:40
Elapsed: 0.010s
--- Running XOR for 236/0 ---
"_input" in: xor.drc:38
Elapsed: 0.010s
"_input" in: xor.drc:38
Elapsed: 0.000s
"^" in: xor.drc:38
Elapsed: 0.520s
XOR differences: 123
"_output" in: xor.drc:40
Elapsed: 0.010s
--- Running XOR for 237/0 ---
"_input" in: xor.drc:38
Elapsed: 0.010s
"_input" in: xor.drc:38
Elapsed: 0.000s
"^" in: xor.drc:38
Elapsed: 0.010s
XOR differences: 1
"_output" in: xor.drc:40
Elapsed: 0.020s
--- Running XOR for 64/16 ---
"_input" in: xor.drc:38
Elapsed: 0.010s
"_input" in: xor.drc:38
Elapsed: 0.000s
"^" in: xor.drc:38
Elapsed: 0.280s
XOR differences: 38219
"_output" in: xor.drc:40
Elapsed: 0.080s
--- Running XOR for 64/20 ---
"_input" in: xor.drc:38
Elapsed: 0.000s
"_input" in: xor.drc:38
Elapsed: 0.010s
"^" in: xor.drc:38
Elapsed: 0.610s
XOR differences: 64
"_output" in: xor.drc:40
Elapsed: 0.000s
--- Running XOR for 64/5 ---
"_input" in: xor.drc:38
Elapsed: 0.010s
"_input" in: xor.drc:38
Elapsed: 0.000s
"^" in: xor.drc:38
Elapsed: 0.100s
XOR differences: 0
"_output" in: xor.drc:40
Elapsed: 0.010s
--- Running XOR for 64/59 ---
"_input" in: xor.drc:38
Elapsed: 0.000s
"_input" in: xor.drc:38
Elapsed: 0.010s
"^" in: xor.drc:38
Elapsed: 0.100s
XOR differences: 0
"_output" in: xor.drc:40
Elapsed: 0.010s
--- Running XOR for 65/20 ---
"_input" in: xor.drc:38
Elapsed: 0.000s
"_input" in: xor.drc:38
Elapsed: 0.010s
"^" in: xor.drc:38
Elapsed: 1.550s
XOR differences: 52855
"_output" in: xor.drc:40
Elapsed: 0.110s
--- Running XOR for 65/44 ---
"_input" in: xor.drc:38
Elapsed: 0.000s
"_input" in: xor.drc:38
Elapsed: 0.010s
"^" in: xor.drc:38
Elapsed: 0.070s
XOR differences: 6868
"_output" in: xor.drc:40
Elapsed: 0.020s
--- Running XOR for 66/20 ---
"_input" in: xor.drc:38
Elapsed: 0.000s
"_input" in: xor.drc:38
Elapsed: 0.010s
"^" in: xor.drc:38
Elapsed: 6.090s
XOR differences: 70136
"_output" in: xor.drc:40
Elapsed: 0.160s
--- Running XOR for 66/44 ---
"_input" in: xor.drc:38
Elapsed: 0.010s
"_input" in: xor.drc:38
Elapsed: 0.000s
"^" in: xor.drc:38
Elapsed: 5.370s
XOR differences: 334482
"_output" in: xor.drc:40
Elapsed: 0.790s
--- Running XOR for 67/16 ---
"_input" in: xor.drc:38
Elapsed: 0.010s
"_input" in: xor.drc:38
Elapsed: 0.000s
"^" in: xor.drc:38
Elapsed: 0.510s
XOR differences: 96534
"_output" in: xor.drc:40
Elapsed: 0.200s
--- Running XOR for 67/20 ---
"_input" in: xor.drc:38
Elapsed: 0.000s
"_input" in: xor.drc:38
Elapsed: 0.010s
"^" in: xor.drc:38
Elapsed: 13.390s
XOR differences: 59451
"_output" in: xor.drc:40
Elapsed: 0.140s
--- Running XOR for 67/44 ---
"_input" in: xor.drc:38
Elapsed: 0.000s
"_input" in: xor.drc:38
Elapsed: 0.010s
"^" in: xor.drc:38
Elapsed: 2.530s
XOR differences: 222595
"_output" in: xor.drc:40
Elapsed: 0.450s
--- Running XOR for 67/5 ---
"_input" in: xor.drc:38
Elapsed: 0.000s
"_input" in: xor.drc:38
Elapsed: 0.010s
"^" in: xor.drc:38
Elapsed: 0.070s
XOR differences: 0
"_output" in: xor.drc:40
Elapsed: 0.010s
--- Running XOR for 68/16 ---
"_input" in: xor.drc:38
Elapsed: 0.010s
"_input" in: xor.drc:38
Elapsed: 0.000s
"^" in: xor.drc:38
Elapsed: 0.520s
XOR differences: 76086
"_output" in: xor.drc:40
Elapsed: 0.150s
--- Running XOR for 68/20 ---
"_input" in: xor.drc:38
Elapsed: 0.010s
"_input" in: xor.drc:38
Elapsed: 0.010s
"^" in: xor.drc:38
Elapsed: 3.170s
XOR differences: 36175
"_output" in: xor.drc:40
Elapsed: 0.090s
--- Running XOR for 68/44 ---
"_input" in: xor.drc:38
Elapsed: 0.010s
"_input" in: xor.drc:38
Elapsed: 0.010s
"^" in: xor.drc:38
Elapsed: 0.350s
XOR differences: 79154
"_output" in: xor.drc:40
Elapsed: 0.150s
--- Running XOR for 68/5 ---
"_input" in: xor.drc:38
Elapsed: 0.010s
"_input" in: xor.drc:38
Elapsed: 0.010s
"^" in: xor.drc:38
Elapsed: 0.120s
XOR differences: 0
"_output" in: xor.drc:40
Elapsed: 0.010s
--- Running XOR for 69/16 ---
"_input" in: xor.drc:38
Elapsed: 0.010s
"_input" in: xor.drc:38
Elapsed: 0.000s
"^" in: xor.drc:38
Elapsed: 0.010s
XOR differences: 100
"_output" in: xor.drc:40
Elapsed: 0.020s
--- Running XOR for 69/20 ---
"_input" in: xor.drc:38
Elapsed: 0.010s
"_input" in: xor.drc:38
Elapsed: 0.010s
"^" in: xor.drc:38
Elapsed: 1.250s
XOR differences: 37977
"_output" in: xor.drc:40
Elapsed: 0.100s
--- Running XOR for 69/44 ---
"_input" in: xor.drc:38
Elapsed: 0.010s
"_input" in: xor.drc:38
Elapsed: 0.000s
"^" in: xor.drc:38
Elapsed: 0.120s
XOR differences: 18546
"_output" in: xor.drc:40
Elapsed: 0.040s
--- Running XOR for 69/5 ---
"_input" in: xor.drc:38
Elapsed: 0.010s
"_input" in: xor.drc:38
Elapsed: 0.000s
"^" in: xor.drc:38
Elapsed: 0.050s
XOR differences: 100
"_output" in: xor.drc:40
Elapsed: 0.000s
--- Running XOR for 70/16 ---
"_input" in: xor.drc:38
Elapsed: 0.010s
"_input" in: xor.drc:38
Elapsed: 0.010s
"^" in: xor.drc:38
Elapsed: 0.000s
XOR differences: 68
"_output" in: xor.drc:40
Elapsed: 0.020s
--- Running XOR for 70/20 ---
"_input" in: xor.drc:38
Elapsed: 0.010s
"_input" in: xor.drc:38
Elapsed: 0.000s
"^" in: xor.drc:38
Elapsed: 0.220s
XOR differences: 8695
"_output" in: xor.drc:40
Elapsed: 0.020s
--- Running XOR for 70/44 ---
"_input" in: xor.drc:38
Elapsed: 0.010s
"_input" in: xor.drc:38
Elapsed: 0.000s
"^" in: xor.drc:38
Elapsed: 0.070s
XOR differences: 6324
"_output" in: xor.drc:40
Elapsed: 0.020s
--- Running XOR for 70/5 ---
"_input" in: xor.drc:38
Elapsed: 0.010s
"_input" in: xor.drc:38
Elapsed: 0.000s
"^" in: xor.drc:38
Elapsed: 0.050s
XOR differences: 68
"_output" in: xor.drc:40
Elapsed: 0.000s
--- Running XOR for 71/16 ---
"_input" in: xor.drc:38
Elapsed: 0.010s
"_input" in: xor.drc:38
Elapsed: 0.010s
"^" in: xor.drc:38
Elapsed: 0.010s
XOR differences: 6
"_output" in: xor.drc:40
Elapsed: 0.020s
--- Running XOR for 71/20 ---
"_input" in: xor.drc:38
Elapsed: 0.010s
"_input" in: xor.drc:38
Elapsed: 0.000s
"^" in: xor.drc:38
Elapsed: 0.070s
XOR differences: 1203
"_output" in: xor.drc:40
Elapsed: 0.010s
--- Running XOR for 71/44 ---
"_input" in: xor.drc:38
Elapsed: 0.010s
"_input" in: xor.drc:38
Elapsed: 0.000s
"^" in: xor.drc:38
Elapsed: 0.050s
XOR differences: 44
"_output" in: xor.drc:40
Elapsed: 0.000s
--- Running XOR for 71/5 ---
"_input" in: xor.drc:38
Elapsed: 0.010s
"_input" in: xor.drc:38
Elapsed: 0.010s
"^" in: xor.drc:38
Elapsed: 0.050s
XOR differences: 6
"_output" in: xor.drc:40
Elapsed: 0.000s
--- Running XOR for 72/16 ---
"_input" in: xor.drc:38
Elapsed: 0.010s
"_input" in: xor.drc:38
Elapsed: 0.000s
"^" in: xor.drc:38
Elapsed: 0.010s
XOR differences: 6
"_output" in: xor.drc:40
Elapsed: 0.020s
--- Running XOR for 72/20 ---
"_input" in: xor.drc:38
Elapsed: 0.010s
"_input" in: xor.drc:38
Elapsed: 0.000s
"^" in: xor.drc:38
Elapsed: 0.050s
XOR differences: 16
"_output" in: xor.drc:40
Elapsed: 0.000s
--- Running XOR for 72/5 ---
"_input" in: xor.drc:38
Elapsed: 0.000s
"_input" in: xor.drc:38
Elapsed: 0.010s
"^" in: xor.drc:38
Elapsed: 0.040s
XOR differences: 6
"_output" in: xor.drc:40
Elapsed: 0.010s
--- Running XOR for 78/44 ---
"_input" in: xor.drc:38
Elapsed: 0.010s
"_input" in: xor.drc:38
Elapsed: 0.000s
"^" in: xor.drc:38
Elapsed: 0.500s
XOR differences: 64
"_output" in: xor.drc:40
Elapsed: 0.010s
--- Running XOR for 81/23 ---
"_input" in: xor.drc:38
Elapsed: 0.010s
"_input" in: xor.drc:38
Elapsed: 0.000s
"^" in: xor.drc:38
Elapsed: 0.040s
XOR differences: 434
"_output" in: xor.drc:40
Elapsed: 0.010s
--- Running XOR for 81/4 ---
"_input" in: xor.drc:38
Elapsed: 0.000s
"_input" in: xor.drc:38
Elapsed: 0.010s
"^" in: xor.drc:38
Elapsed: 0.640s
XOR differences: 1
"_output" in: xor.drc:40
Elapsed: 0.010s
--- Running XOR for 83/44 ---
"_input" in: xor.drc:38
Elapsed: 0.000s
"_input" in: xor.drc:38
Elapsed: 0.010s
"^" in: xor.drc:38
Elapsed: 0.110s
XOR differences: 0
"_output" in: xor.drc:40
Elapsed: 0.000s
--- Running XOR for 93/44 ---
"_input" in: xor.drc:38
Elapsed: 0.010s
"_input" in: xor.drc:38
Elapsed: 0.010s
"^" in: xor.drc:38
Elapsed: 0.570s
XOR differences: 2296
"_output" in: xor.drc:40
Elapsed: 0.010s
--- Running XOR for 94/20 ---
"_input" in: xor.drc:38
Elapsed: 0.000s
"_input" in: xor.drc:38
Elapsed: 0.010s
"^" in: xor.drc:38
Elapsed: 0.940s
XOR differences: 2246
"_output" in: xor.drc:40
Elapsed: 0.010s
--- Running XOR for 95/20 ---
"_input" in: xor.drc:38
Elapsed: 0.010s
"_input" in: xor.drc:38
Elapsed: 0.000s
"^" in: xor.drc:38
Elapsed: 0.550s
XOR differences: 5162
"_output" in: xor.drc:40
Elapsed: 0.020s
Writing report database: /openLANE_flow/designs/core/runs/core/results/klayout/core.xor.xml ..
Total run time: 73.430s
